0 info it worked if it ends with ok
1 verbose cli [ 'C:\\Program Files\\nodejs\\node.exe',
1 verbose cli   'C:\\Program Files\\nodejs\\node_modules\\npm\\bin\\npm-cli.js',
1 verbose cli   'run',
1 verbose cli   'build:watch' ]
2 info using npm@3.10.8
3 info using node@v6.9.1
4 verbose run-script [ 'prebuild:watch', 'build:watch', 'postbuild:watch' ]
5 info lifecycle react-starter@0.0.1~prebuild:watch: react-starter@0.0.1
6 silly lifecycle react-starter@0.0.1~prebuild:watch: no script for prebuild:watch, continuing
7 info lifecycle react-starter@0.0.1~build:watch: react-starter@0.0.1
8 verbose lifecycle react-starter@0.0.1~build:watch: unsafe-perm in lifecycle true
9 verbose lifecycle react-starter@0.0.1~build:watch: PATH: C:\Program Files\nodejs\node_modules\npm\bin\node-gyp-bin;C:\Users\bartw\Documents\projects\react\node_modules\.bin;C:\Program Files\ConEmu\ConEmu\Scripts;C:\Program Files\ConEmu;C:\Program Files\ConEmu\ConEmu;C:\Program Files\Docker\Docker\Resources\bin;C:\ProgramData\Oracle\Java\javapath;C:\Windows\system32;C:\Windows;C:\Windows\System32\Wbem;C:\Windows\System32\WindowsPowerShell\v1.0\;C:\Program Files (x86)\Skype\Phone\;C:\ProgramData\chocolatey\bin;C:\Program Files (x86)\Microsoft SDKs\F#\4.0\Framework\v4.0;C:\Program Files\Microsoft SQL Server\Client SDK\ODBC\110\Tools\Binn\;C:\Program Files (x86)\Microsoft SQL Server\120\Tools\Binn\;C:\Program Files\Microsoft SQL Server\120\Tools\Binn\;C:\Program Files\Microsoft SQL Server\120\DTS\Binn\;C:\Program Files (x86)\Microsoft SQL Server\120\Tools\Binn\ManagementStudio\;C:\Program Files (x86)\Microsoft SQL Server\120\DTS\Binn\;C:\Program Files\dotnet\bin;C:\Program Files\Microsoft SQL Server\130\Tools\Binn\;C:\Program Files\Git\cmd;C:\WINDOWS\system32;C:\WINDOWS;C:\WINDOWS\System32\Wbem;C:\WINDOWS\System32\WindowsPowerShell\v1.0\;C:\Program Files\dotnet\;C:\Program Files (x86)\Windows Kits\10\Windows Performance Toolkit\;C:\Program Files\nodejs\;C:\tools\ruby22\bin;C:\Users\bartw\.dnx\runtimes\dnx-coreclr-win-x64.1.0.0-rc1-update1\bin;C:\Users\bartw\.dnx\bin;C:\Program Files (x86)\Microsoft VS Code\bin;C:\PROGRA~2\Oracle\VirtualBox;C:\PostgreSQL\bin;C:\Users\bartw\AppData\Local\nylas\bin;C:\Users\bartw\AppData\Local\Microsoft\WindowsApps;C:\Users\bartw\AppData\Roaming\npm;C:\tools\cmder;
10 verbose lifecycle react-starter@0.0.1~build:watch: CWD: C:\Users\bartw\Documents\projects\react
11 silly lifecycle react-starter@0.0.1~build:watch: Args: [ '/d /s /c', 'webpack-dev-server --content-base dist/' ]
12 silly lifecycle react-starter@0.0.1~build:watch: Returned: code: 1  signal: null
13 info lifecycle react-starter@0.0.1~build:watch: Failed to exec build:watch script
14 verbose stack Error: react-starter@0.0.1 build:watch: `webpack-dev-server --content-base dist/`
14 verbose stack Exit status 1
14 verbose stack     at EventEmitter.<anonymous> (C:\Program Files\nodejs\node_modules\npm\lib\utils\lifecycle.js:255:16)
14 verbose stack     at emitTwo (events.js:106:13)
14 verbose stack     at EventEmitter.emit (events.js:191:7)
14 verbose stack     at ChildProcess.<anonymous> (C:\Program Files\nodejs\node_modules\npm\lib\utils\spawn.js:40:14)
14 verbose stack     at emitTwo (events.js:106:13)
14 verbose stack     at ChildProcess.emit (events.js:191:7)
14 verbose stack     at maybeClose (internal/child_process.js:877:16)
14 verbose stack     at Process.ChildProcess._handle.onexit (internal/child_process.js:226:5)
15 verbose pkgid react-starter@0.0.1
16 verbose cwd C:\Users\bartw\Documents\projects\react\dist
17 error Windows_NT 10.0.14393
18 error argv "C:\\Program Files\\nodejs\\node.exe" "C:\\Program Files\\nodejs\\node_modules\\npm\\bin\\npm-cli.js" "run" "build:watch"
19 error node v6.9.1
20 error npm  v3.10.8
21 error code ELIFECYCLE
22 error react-starter@0.0.1 build:watch: `webpack-dev-server --content-base dist/`
22 error Exit status 1
23 error Failed at the react-starter@0.0.1 build:watch script 'webpack-dev-server --content-base dist/'.
23 error Make sure you have the latest version of node.js and npm installed.
23 error If you do, this is most likely a problem with the react-starter package,
23 error not with npm itself.
23 error Tell the author that this fails on your system:
23 error     webpack-dev-server --content-base dist/
23 error You can get information on how to open an issue for this project with:
23 error     npm bugs react-starter
23 error Or if that isn't available, you can get their info via:
23 error     npm owner ls react-starter
23 error There is likely additional logging output above.
24 verbose exit [ 1, true ]
